<?xml version="1.0" encoding="UTF-8"?>
<!-- Generated by org.testng.reporters.JUnitReportReporter -->
<testsuite hostname="DESKTOP-LJUN8GS" failures="0" tests="34" name="testrunner.TestRunner" time="127.410" errors="0" timestamp="2023-04-27T17:51:52 EET" skipped="0">
  <testcase classname="testrunner.TestRunner" name="runScenario" time="2.987"/>
  <system-out/>
  <testcase classname="testrunner.TestRunner" name="runScenario" time="2.921"/>
  <system-out/>
  <testcase classname="testrunner.TestRunner" name="runScenario" time="1.932"/>
  <system-out/>
  <testcase classname="testrunner.TestRunner" name="runScenario" time="4.287"/>
  <system-out/>
  <testcase classname="testrunner.TestRunner" name="runScenario" time="2.270"/>
  <system-out/>
  <testcase classname="testrunner.TestRunner" name="runScenario" time="2.270"/>
  <system-out/>
  <testcase classname="testrunner.TestRunner" name="runScenario" time="3.102"/>
  <system-out/>
  <testcase classname="testrunner.TestRunner" name="runScenario" time="3.007"/>
  <system-out/>
  <testcase classname="testrunner.TestRunner" name="runScenario" time="4.170"/>
  <system-out/>
  <testcase classname="testrunner.TestRunner" name="runScenario" time="3.081"/>
  <system-out/>
  <testcase classname="testrunner.TestRunner" name="runScenario" time="3.095"/>
  <system-out/>
  <testcase classname="testrunner.TestRunner" name="runScenario" time="2.818"/>
  <system-out/>
  <testcase classname="testrunner.TestRunner" name="runScenario" time="3.105"/>
  <system-out/>
  <testcase classname="testrunner.TestRunner" name="runScenario" time="2.366"/>
  <system-out/>
  <testcase classname="testrunner.TestRunner" name="runScenario" time="2.234"/>
  <system-out/>
  <testcase classname="testrunner.TestRunner" name="runScenario" time="3.261"/>
  <system-out/>
  <testcase classname="testrunner.TestRunner" name="runScenario" time="2.126"/>
  <system-out/>
  <testcase classname="testrunner.TestRunner" name="runScenario" time="3.285"/>
  <system-out/>
  <testcase classname="testrunner.TestRunner" name="runScenario" time="1.854"/>
  <system-out/>
  <testcase classname="testrunner.TestRunner" name="runScenario" time="2.443"/>
  <system-out/>
  <testcase classname="testrunner.TestRunner" name="runScenario" time="2.816"/>
  <system-out/>
  <testcase classname="testrunner.TestRunner" name="runScenario" time="3.554"/>
  <system-out/>
  <testcase classname="testrunner.TestRunner" name="runScenario" time="2.362"/>
  <system-out/>
  <testcase classname="testrunner.TestRunner" name="runScenario" time="33.402"/>
  <system-out/>
  <testcase classname="testrunner.TestRunner" name="runScenario" time="2.268"/>
  <system-out/>
  <testcase classname="testrunner.TestRunner" name="runScenario" time="2.485"/>
  <system-out/>
  <testcase classname="testrunner.TestRunner" name="runScenario" time="4.249"/>
  <system-out/>
  <testcase classname="testrunner.TestRunner" name="runScenario" time="2.835"/>
  <system-out/>
  <testcase classname="testrunner.TestRunner" name="runScenario" time="3.529"/>
  <system-out/>
  <testcase classname="testrunner.TestRunner" name="runScenario" time="1.898"/>
  <system-out/>
  <testcase classname="testrunner.TestRunner" name="runScenario" time="3.047"/>
  <system-out/>
  <testcase classname="testrunner.TestRunner" name="runScenario" time="2.017"/>
  <system-out/>
  <testcase classname="testrunner.TestRunner" name="runScenario" time="3.239"/>
  <system-out/>
  <testcase classname="testrunner.TestRunner" name="runScenario" time="3.095"/>
  <system-out/>
</testsuite> <!-- testrunner.TestRunner -->
